{"/home/yisroel/packages/magicalstrings/src/index.ts": {"path":"/home/yisroel/packages/magicalstrings/src/index.ts","statementMap":{"0":{"start":{"line":2,"column":0},"end":{"line":2,"column":55}},"1":{"start":{"line":3,"column":0},"end":{"line":3,"column":48}},"2":{"start":{"line":4,"column":0},"end":{"line":4,"column":48}},"3":{"start":{"line":5,"column":0},"end":{"line":5,"column":48}},"4":{"start":{"line":6,"column":0},"end":{"line":6,"column":49}},"5":{"start":{"line":9,"column":13},"end":{"line":13,"column":null}},"6":{"start":{"line":15,"column":13},"end":{"line":18,"column":null}},"7":{"start":{"line":20,"column":21},"end":{"line":20,"column":57}},"8":{"start":{"line":21,"column":0},"end":{"line":21,"column":null}},"9":{"start":{"line":22,"column":0},"end":{"line":22,"column":null}},"10":{"start":{"line":23,"column":0},"end":{"line":23,"column":null}},"11":{"start":{"line":24,"column":0},"end":{"line":24,"column":null}},"12":{"start":{"line":27,"column":0},"end":{"line":27,"column":null}},"13":{"start":{"line":28,"column":0},"end":{"line":28,"column":null}},"14":{"start":{"line":29,"column":0},"end":{"line":29,"column":null}},"15":{"start":{"line":31,"column":0},"end":{"line":31,"column":null}},"16":{"start":{"line":32,"column":0},"end":{"line":32,"column":null}},"17":{"start":{"line":33,"column":0},"end":{"line":33,"column":null}},"18":{"start":{"line":34,"column":0},"end":{"line":34,"column":null}},"19":{"start":{"line":35,"column":0},"end":{"line":35,"column":null}},"20":{"start":{"line":36,"column":0},"end":{"line":36,"column":null}},"21":{"start":{"line":37,"column":0},"end":{"line":37,"column":null}},"22":{"start":{"line":38,"column":0},"end":{"line":38,"column":null}},"23":{"start":{"line":39,"column":0},"end":{"line":39,"column":null}},"24":{"start":{"line":40,"column":0},"end":{"line":40,"column":null}},"25":{"start":{"line":41,"column":13},"end":{"line":41,"column":null}},"26":{"start":{"line":43,"column":13},"end":{"line":43,"column":null}},"27":{"start":{"line":44,"column":13},"end":{"line":44,"column":null}},"28":{"start":{"line":45,"column":13},"end":{"line":45,"column":null}},"29":{"start":{"line":46,"column":13},"end":{"line":46,"column":null}},"30":{"start":{"line":47,"column":13},"end":{"line":47,"column":null}},"31":{"start":{"line":48,"column":13},"end":{"line":48,"column":null}},"32":{"start":{"line":49,"column":13},"end":{"line":49,"column":null}},"33":{"start":{"line":50,"column":13},"end":{"line":50,"column":null}},"34":{"start":{"line":51,"column":13},"end":{"line":51,"column":null}},"35":{"start":{"line":52,"column":13},"end":{"line":52,"column":null}},"36":{"start":{"line":53,"column":13},"end":{"line":53,"column":null}},"37":{"start":{"line":54,"column":13},"end":{"line":54,"column":null}}},"fnMap":{},"branchMap":{},"s":{"0":1,"1":1,"2":1,"3":1,"4":1,"5":1,"6":1,"7":1,"8":1,"9":1,"10":1,"11":1,"12":1,"13":1,"14":1,"15":1,"16":1,"17":1,"18":1,"19":1,"20":1,"21":1,"22":1,"23":1,"24":1,"25":1,"26":1,"27":1,"28":1,"29":1,"30":1,"31":1,"32":1,"33":1,"34":1,"35":1,"36":1,"37":1},"f":{},"b":{}}
,"/home/yisroel/packages/magicalstrings/src/exports/codeNameFromPath.ts": {"path":"/home/yisroel/packages/magicalstrings/src/exports/codeNameFromPath.ts","statementMap":{"0":{"start":{"line":1,"column":13},"end":{"line":1,"column":28}},"1":{"start":{"line":3,"column":32},"end":{"line":6,"column":1}},"2":{"start":{"line":4,"column":2},"end":{"line":4,"column":null}},"3":{"start":{"line":4,"column":23},"end":{"line":4,"column":null}},"4":{"start":{"line":5,"column":2},"end":{"line":5,"column":32}},"5":{"start":{"line":3,"column":13},"end":{"line":3,"column":32}}},"fnMap":{"0":{"name":"(anonymous_0)","decl":{"start":{"line":3,"column":32},"end":{"line":3,"column":33}},"loc":{"start":{"line":3,"column":52},"end":{"line":6,"column":1}}}},"branchMap":{"0":{"loc":{"start":{"line":4,"column":2},"end":{"line":4,"column":null}},"type":"if","locations":[{"start":{"line":4,"column":2},"end":{"line":4,"column":null}},{"start":{"line":4,"column":2},"end":{"line":4,"column":null}}]}},"s":{"0":1,"1":1,"2":0,"3":0,"4":0,"5":1},"f":{"0":0},"b":{"0":[0,0]}}
,"/home/yisroel/packages/magicalstrings/src/exports/copyCodeBaseToNewDir.ts": {"path":"/home/yisroel/packages/magicalstrings/src/exports/copyCodeBaseToNewDir.ts","statementMap":{"0":{"start":{"line":1,"column":11},"end":{"line":1,"column":30}},"1":{"start":{"line":4,"column":20},"end":{"line":4,"column":48}},"2":{"start":{"line":6,"column":2},"end":{"line":8,"column":null}},"3":{"start":{"line":7,"column":4},"end":{"line":7,"column":null}},"4":{"start":{"line":10,"column":2},"end":{"line":15,"column":null}},"5":{"start":{"line":11,"column":4},"end":{"line":11,"column":null}},"6":{"start":{"line":12,"column":4},"end":{"line":12,"column":null}},"7":{"start":{"line":14,"column":4},"end":{"line":14,"column":null}},"8":{"start":{"line":3,"column":0},"end":{"line":3,"column":7}}},"fnMap":{"0":{"name":"copyCodeBaseToNewDir","decl":{"start":{"line":3,"column":22},"end":{"line":3,"column":42}},"loc":{"start":{"line":3,"column":74},"end":{"line":24,"column":1}}}},"branchMap":{"0":{"loc":{"start":{"line":6,"column":2},"end":{"line":8,"column":null}},"type":"if","locations":[{"start":{"line":6,"column":2},"end":{"line":8,"column":null}},{"start":{"line":6,"column":2},"end":{"line":8,"column":null}}]}},"s":{"0":1,"1":0,"2":0,"3":0,"4":0,"5":0,"6":0,"7":0,"8":1},"f":{"0":0},"b":{"0":[0,0]}}
,"/home/yisroel/packages/magicalstrings/src/exports/dirOptions.ts": {"path":"/home/yisroel/packages/magicalstrings/src/exports/dirOptions.ts","statementMap":{"0":{"start":{"line":2,"column":13},"end":{"line":4,"column":null}}},"fnMap":{},"branchMap":{},"s":{"0":1},"f":{},"b":{}}
,"/home/yisroel/packages/magicalstrings/src/exports/ensureDirectory.ts": {"path":"/home/yisroel/packages/magicalstrings/src/exports/ensureDirectory.ts","statementMap":{"0":{"start":{"line":1,"column":0},"end":{"line":1,"column":39}},"1":{"start":{"line":2,"column":11},"end":{"line":2,"column":30}},"2":{"start":{"line":5,"column":2},"end":{"line":5,"column":null}},"3":{"start":{"line":4,"column":0},"end":{"line":4,"column":7}}},"fnMap":{"0":{"name":"ensureDirectory","decl":{"start":{"line":4,"column":22},"end":{"line":4,"column":37}},"loc":{"start":{"line":4,"column":53},"end":{"line":6,"column":1}}}},"branchMap":{},"s":{"0":1,"1":1,"2":0,"3":1},"f":{"0":0},"b":{}}
,"/home/yisroel/packages/magicalstrings/src/exports/errorMessage.ts": {"path":"/home/yisroel/packages/magicalstrings/src/exports/errorMessage.ts","statementMap":{"0":{"start":{"line":1,"column":14},"end":{"line":1,"column":30}},"1":{"start":{"line":3,"column":28},"end":{"line":3,"column":154}},"2":{"start":{"line":3,"column":49},"end":{"line":3,"column":154}},"3":{"start":{"line":3,"column":13},"end":{"line":3,"column":28}}},"fnMap":{"0":{"name":"(anonymous_0)","decl":{"start":{"line":3,"column":28},"end":{"line":3,"column":29}},"loc":{"start":{"line":3,"column":49},"end":{"line":3,"column":154}}}},"branchMap":{},"s":{"0":1,"1":1,"2":0,"3":1},"f":{"0":0},"b":{}}
,"/home/yisroel/packages/magicalstrings/src/exports/fileMatchesCustomFileFilter.ts": {"path":"/home/yisroel/packages/magicalstrings/src/exports/fileMatchesCustomFileFilter.ts","statementMap":{"0":{"start":{"line":3,"column":18},"end":{"line":3,"column":38}},"1":{"start":{"line":6,"column":17},"end":{"line":6,"column":47}},"2":{"start":{"line":7,"column":2},"end":{"line":9,"column":null}},"3":{"start":{"line":5,"column":0},"end":{"line":5,"column":16}}},"fnMap":{"0":{"name":"fileMatchesCustomFileFilter","decl":{"start":{"line":5,"column":16},"end":{"line":5,"column":43}},"loc":{"start":{"line":5,"column":83},"end":{"line":10,"column":1}}}},"branchMap":{},"s":{"0":1,"1":0,"2":0,"3":1},"f":{"0":0},"b":{}}
,"/home/yisroel/packages/magicalstrings/src/exports/inflections.ts": {"path":"/home/yisroel/packages/magicalstrings/src/exports/inflections.ts","statementMap":{"0":{"start":{"line":1,"column":18},"end":{"line":1,"column":38}},"1":{"start":{"line":2,"column":19},"end":{"line":2,"column":40}},"2":{"start":{"line":5,"column":2},"end":{"line":5,"column":null}},"3":{"start":{"line":5,"column":12},"end":{"line":5,"column":null}},"4":{"start":{"line":4,"column":0},"end":{"line":4,"column":16}},"5":{"start":{"line":9,"column":2},"end":{"line":9,"column":null}},"6":{"start":{"line":8,"column":0},"end":{"line":8,"column":16}},"7":{"start":{"line":13,"column":2},"end":{"line":13,"column":null}},"8":{"start":{"line":12,"column":0},"end":{"line":12,"column":16}},"9":{"start":{"line":17,"column":2},"end":{"line":17,"column":null}},"10":{"start":{"line":16,"column":0},"end":{"line":16,"column":16}},"11":{"start":{"line":21,"column":2},"end":{"line":21,"column":null}},"12":{"start":{"line":20,"column":0},"end":{"line":20,"column":16}},"13":{"start":{"line":25,"column":2},"end":{"line":25,"column":null}},"14":{"start":{"line":24,"column":0},"end":{"line":24,"column":16}}},"fnMap":{"0":{"name":"allCaps","decl":{"start":{"line":4,"column":16},"end":{"line":4,"column":23}},"loc":{"start":{"line":4,"column":36},"end":{"line":6,"column":1}}},"1":{"name":"singularName","decl":{"start":{"line":8,"column":16},"end":{"line":8,"column":28}},"loc":{"start":{"line":8,"column":41},"end":{"line":10,"column":1}}},"2":{"name":"pluralName","decl":{"start":{"line":12,"column":16},"end":{"line":12,"column":26}},"loc":{"start":{"line":12,"column":39},"end":{"line":14,"column":1}}},"3":{"name":"pluralLowercaseName","decl":{"start":{"line":16,"column":16},"end":{"line":16,"column":35}},"loc":{"start":{"line":16,"column":48},"end":{"line":18,"column":1}}},"4":{"name":"relationshipsForSource","decl":{"start":{"line":20,"column":16},"end":{"line":20,"column":38}},"loc":{"start":{"line":20,"column":53},"end":{"line":22,"column":1}}},"5":{"name":"queryForSource","decl":{"start":{"line":24,"column":16},"end":{"line":24,"column":30}},"loc":{"start":{"line":24,"column":45},"end":{"line":26,"column":1}}}},"branchMap":{"0":{"loc":{"start":{"line":5,"column":2},"end":{"line":5,"column":null}},"type":"if","locations":[{"start":{"line":5,"column":2},"end":{"line":5,"column":null}},{"start":{"line":5,"column":2},"end":{"line":5,"column":null}}]}},"s":{"0":1,"1":1,"2":0,"3":0,"4":1,"5":0,"6":1,"7":0,"8":1,"9":0,"10":1,"11":0,"12":1,"13":0,"14":1},"f":{"0":0,"1":0,"2":0,"3":0,"4":0,"5":0},"b":{"0":[0,0]}}
,"/home/yisroel/packages/magicalstrings/src/exports/isRequired.ts": {"path":"/home/yisroel/packages/magicalstrings/src/exports/isRequired.ts","statementMap":{"0":{"start":{"line":1,"column":26},"end":{"line":15,"column":1}},"1":{"start":{"line":7,"column":2},"end":{"line":12,"column":null}},"2":{"start":{"line":8,"column":4},"end":{"line":9,"column":null}},"3":{"start":{"line":14,"column":2},"end":{"line":14,"column":null}},"4":{"start":{"line":1,"column":13},"end":{"line":1,"column":26}}},"fnMap":{"0":{"name":"(anonymous_0)","decl":{"start":{"line":1,"column":26},"end":{"line":1,"column":null}},"loc":{"start":{"line":3,"column":4},"end":{"line":15,"column":1}}}},"branchMap":{"0":{"loc":{"start":{"line":7,"column":2},"end":{"line":12,"column":null}},"type":"if","locations":[{"start":{"line":7,"column":2},"end":{"line":12,"column":null}},{"start":{"line":7,"column":2},"end":{"line":12,"column":null}}]},"1":{"loc":{"start":{"line":7,"column":6},"end":{"line":7,"column":10}},"type":"binary-expr","locations":[{"start":{"line":7,"column":6},"end":{"line":7,"column":10}},{"start":{"line":7,"column":14},"end":{"line":7,"column":25}}]}},"s":{"0":1,"1":0,"2":0,"3":0,"4":1},"f":{"0":0},"b":{"0":[0,0],"1":[0,0]}}
,"/home/yisroel/packages/magicalstrings/src/exports/moveOverIgnored.ts": {"path":"/home/yisroel/packages/magicalstrings/src/exports/moveOverIgnored.ts","statementMap":{"0":{"start":{"line":2,"column":0},"end":{"line":2,"column":55}},"1":{"start":{"line":4,"column":11},"end":{"line":4,"column":30}},"2":{"start":{"line":10,"column":21},"end":{"line":10,"column":43}},"3":{"start":{"line":12,"column":2},"end":{"line":25,"column":null}},"4":{"start":{"line":13,"column":4},"end":{"line":24,"column":null}},"5":{"start":{"line":14,"column":6},"end":{"line":20,"column":null}},"6":{"start":{"line":19,"column":8},"end":{"line":19,"column":null}},"7":{"start":{"line":23,"column":6},"end":{"line":23,"column":null}},"8":{"start":{"line":6,"column":0},"end":{"line":6,"column":7}}},"fnMap":{"0":{"name":"moveOverIgnored","decl":{"start":{"line":6,"column":22},"end":{"line":6,"column":37}},"loc":{"start":{"line":7,"column":62},"end":{"line":26,"column":1}}},"1":{"name":"(anonymous_1)","decl":{"start":{"line":12,"column":35},"end":{"line":12,"column":40}},"loc":{"start":{"line":12,"column":56},"end":{"line":25,"column":3}}}},"branchMap":{"0":{"loc":{"start":{"line":14,"column":6},"end":{"line":20,"column":null}},"type":"if","locations":[{"start":{"line":14,"column":6},"end":{"line":20,"column":null}},{"start":{"line":14,"column":6},"end":{"line":20,"column":null}}]}},"s":{"0":1,"1":1,"2":0,"3":0,"4":0,"5":0,"6":0,"7":0,"8":1},"f":{"0":0,"1":0},"b":{"0":[0,0]}}
,"/home/yisroel/packages/magicalstrings/src/exports/removeNpmDependencyPrefix.ts": {"path":"/home/yisroel/packages/magicalstrings/src/exports/removeNpmDependencyPrefix.ts","statementMap":{"0":{"start":{"line":2,"column":2},"end":{"line":2,"column":null}},"1":{"start":{"line":2,"column":19},"end":{"line":2,"column":null}},"2":{"start":{"line":3,"column":2},"end":{"line":3,"column":null}},"3":{"start":{"line":1,"column":0},"end":{"line":1,"column":16}}},"fnMap":{"0":{"name":"removeNpmDependencyPrefix","decl":{"start":{"line":1,"column":16},"end":{"line":1,"column":41}},"loc":{"start":{"line":1,"column":60},"end":{"line":4,"column":1}}}},"branchMap":{"0":{"loc":{"start":{"line":2,"column":2},"end":{"line":2,"column":null}},"type":"if","locations":[{"start":{"line":2,"column":2},"end":{"line":2,"column":null}},{"start":{"line":2,"column":2},"end":{"line":2,"column":null}}]}},"s":{"0":0,"1":0,"2":0,"3":1},"f":{"0":0},"b":{"0":[0,0]}}
,"/home/yisroel/packages/magicalstrings/src/exports/resolveDir.ts": {"path":"/home/yisroel/packages/magicalstrings/src/exports/resolveDir.ts","statementMap":{"0":{"start":{"line":1,"column":0},"end":{"line":1,"column":39}},"1":{"start":{"line":5,"column":2},"end":{"line":5,"column":null}},"2":{"start":{"line":3,"column":0},"end":{"line":3,"column":16}}},"fnMap":{"0":{"name":"resolveDir","decl":{"start":{"line":3,"column":16},"end":{"line":3,"column":26}},"loc":{"start":{"line":3,"column":55},"end":{"line":6,"column":1}}}},"branchMap":{},"s":{"0":1,"1":0,"2":1},"f":{"0":0},"b":{}}
,"/home/yisroel/packages/magicalstrings/src/exports/testCodeDir.ts": {"path":"/home/yisroel/packages/magicalstrings/src/exports/testCodeDir.ts","statementMap":{"0":{"start":{"line":1,"column":0},"end":{"line":1,"column":51}},"1":{"start":{"line":3,"column":11},"end":{"line":3,"column":30}},"2":{"start":{"line":4,"column":27},"end":{"line":17,"column":1}},"3":{"start":{"line":5,"column":18},"end":{"line":5,"column":43}},"4":{"start":{"line":6,"column":2},"end":{"line":7,"column":null}},"5":{"start":{"line":7,"column":4},"end":{"line":7,"column":null}},"6":{"start":{"line":9,"column":25},"end":{"line":9,"column":38}},"7":{"start":{"line":10,"column":2},"end":{"line":11,"column":null}},"8":{"start":{"line":11,"column":4},"end":{"line":11,"column":null}},"9":{"start":{"line":13,"column":2},"end":{"line":14,"column":null}},"10":{"start":{"line":14,"column":4},"end":{"line":14,"column":null}},"11":{"start":{"line":16,"column":2},"end":{"line":16,"column":null}},"12":{"start":{"line":4,"column":13},"end":{"line":4,"column":27}}},"fnMap":{"0":{"name":"(anonymous_0)","decl":{"start":{"line":4,"column":27},"end":{"line":4,"column":32}},"loc":{"start":{"line":4,"column":53},"end":{"line":17,"column":1}}}},"branchMap":{"0":{"loc":{"start":{"line":6,"column":2},"end":{"line":7,"column":null}},"type":"if","locations":[{"start":{"line":6,"column":2},"end":{"line":7,"column":null}},{"start":{"line":6,"column":2},"end":{"line":7,"column":null}}]},"1":{"loc":{"start":{"line":6,"column":6},"end":{"line":6,"column":14}},"type":"binary-expr","locations":[{"start":{"line":6,"column":6},"end":{"line":6,"column":14}},{"start":{"line":6,"column":18},"end":{"line":6,"column":38}}]},"2":{"loc":{"start":{"line":10,"column":2},"end":{"line":11,"column":null}},"type":"if","locations":[{"start":{"line":10,"column":2},"end":{"line":11,"column":null}},{"start":{"line":10,"column":2},"end":{"line":11,"column":null}}]},"3":{"loc":{"start":{"line":13,"column":2},"end":{"line":14,"column":null}},"type":"if","locations":[{"start":{"line":13,"column":2},"end":{"line":14,"column":null}},{"start":{"line":13,"column":2},"end":{"line":14,"column":null}}]}},"s":{"0":1,"1":1,"2":1,"3":0,"4":0,"5":0,"6":0,"7":0,"8":0,"9":0,"10":0,"11":0,"12":1},"f":{"0":0},"b":{"0":[0,0],"1":[0,0],"2":[0,0],"3":[0,0]}}
,"/home/yisroel/packages/magicalstrings/src/exports/Regex/regExCleanupText.ts": {"path":"/home/yisroel/packages/magicalstrings/src/exports/Regex/regExCleanupText.ts","statementMap":{"0":{"start":{"line":2,"column":0},"end":{"line":2,"column":86}},"1":{"start":{"line":5,"column":32},"end":{"line":6,"column":133}},"2":{"start":{"line":6,"column":2},"end":{"line":6,"column":133}},"3":{"start":{"line":5,"column":13},"end":{"line":5,"column":32}}},"fnMap":{"0":{"name":"(anonymous_0)","decl":{"start":{"line":5,"column":32},"end":{"line":5,"column":33}},"loc":{"start":{"line":6,"column":2},"end":{"line":6,"column":133}}}},"branchMap":{},"s":{"0":1,"1":1,"2":0,"3":1},"f":{"0":0},"b":{}}
,"/home/yisroel/packages/magicalstrings/src/exports/Regex/regExCustomCleanup.ts": {"path":"/home/yisroel/packages/magicalstrings/src/exports/Regex/regExCustomCleanup.ts","statementMap":{"0":{"start":{"line":2,"column":0},"end":{"line":2,"column":69}},"1":{"start":{"line":4,"column":13},"end":{"line":4,"column":null}}},"fnMap":{},"branchMap":{},"s":{"0":1,"1":1},"f":{},"b":{}}
,"/home/yisroel/packages/magicalstrings/src/exports/Regex/regExCustomLocation.ts": {"path":"/home/yisroel/packages/magicalstrings/src/exports/Regex/regExCustomLocation.ts","statementMap":{"0":{"start":{"line":2,"column":0},"end":{"line":2,"column":null}},"1":{"start":{"line":12,"column":22},"end":{"line":13,"column":126}},"2":{"start":{"line":13,"column":2},"end":{"line":13,"column":126}},"3":{"start":{"line":14,"column":41},"end":{"line":15,"column":168}},"4":{"start":{"line":15,"column":2},"end":{"line":15,"column":168}},"5":{"start":{"line":14,"column":13},"end":{"line":14,"column":41}}},"fnMap":{"0":{"name":"(anonymous_0)","decl":{"start":{"line":12,"column":22},"end":{"line":12,"column":23}},"loc":{"start":{"line":13,"column":2},"end":{"line":13,"column":126}}},"1":{"name":"(anonymous_1)","decl":{"start":{"line":14,"column":41},"end":{"line":14,"column":42}},"loc":{"start":{"line":15,"column":2},"end":{"line":15,"column":168}}}},"branchMap":{},"s":{"0":1,"1":1,"2":0,"3":1,"4":0,"5":1},"f":{"0":0,"1":0},"b":{}}
,"/home/yisroel/packages/magicalstrings/src/exports/Regex/regExFileInfo.ts": {"path":"/home/yisroel/packages/magicalstrings/src/exports/Regex/regExFileInfo.ts","statementMap":{"0":{"start":{"line":1,"column":0},"end":{"line":1,"column":91}},"1":{"start":{"line":2,"column":0},"end":{"line":2,"column":39}},"2":{"start":{"line":5,"column":29},"end":{"line":9,"column":34}},"3":{"start":{"line":6,"column":2},"end":{"line":9,"column":34}},"4":{"start":{"line":5,"column":13},"end":{"line":5,"column":29}}},"fnMap":{"0":{"name":"(anonymous_0)","decl":{"start":{"line":5,"column":29},"end":{"line":5,"column":30}},"loc":{"start":{"line":6,"column":2},"end":{"line":9,"column":34}}}},"branchMap":{},"s":{"0":1,"1":1,"2":1,"3":0,"4":1},"f":{"0":0},"b":{}}
,"/home/yisroel/packages/magicalstrings/src/exports/Regex/regExNewCustomLocation.ts": {"path":"/home/yisroel/packages/magicalstrings/src/exports/Regex/regExNewCustomLocation.ts","statementMap":{"0":{"start":{"line":1,"column":0},"end":{"line":1,"column":null}},"1":{"start":{"line":6,"column":0},"end":{"line":6,"column":39}},"2":{"start":{"line":11,"column":32},"end":{"line":12,"column":65}},"3":{"start":{"line":12,"column":2},"end":{"line":12,"column":65}},"4":{"start":{"line":13,"column":34},"end":{"line":14,"column":63}},"5":{"start":{"line":14,"column":2},"end":{"line":14,"column":63}},"6":{"start":{"line":16,"column":44},"end":{"line":17,"column":86}},"7":{"start":{"line":17,"column":2},"end":{"line":17,"column":86}},"8":{"start":{"line":16,"column":13},"end":{"line":16,"column":44}}},"fnMap":{"0":{"name":"(anonymous_0)","decl":{"start":{"line":11,"column":32},"end":{"line":11,"column":33}},"loc":{"start":{"line":12,"column":2},"end":{"line":12,"column":65}}},"1":{"name":"(anonymous_1)","decl":{"start":{"line":13,"column":34},"end":{"line":13,"column":35}},"loc":{"start":{"line":14,"column":2},"end":{"line":14,"column":63}}},"2":{"name":"(anonymous_2)","decl":{"start":{"line":16,"column":44},"end":{"line":16,"column":45}},"loc":{"start":{"line":17,"column":2},"end":{"line":17,"column":86}}}},"branchMap":{},"s":{"0":1,"1":1,"2":1,"3":0,"4":1,"5":0,"6":1,"7":0,"8":1},"f":{"0":0,"1":0,"2":0},"b":{}}
,"/home/yisroel/packages/magicalstrings/src/exports/Regex/regExObjectValueString.ts": {"path":"/home/yisroel/packages/magicalstrings/src/exports/Regex/regExObjectValueString.ts","statementMap":{"0":{"start":{"line":1,"column":0},"end":{"line":1,"column":43}},"1":{"start":{"line":3,"column":19},"end":{"line":3,"column":30}},"2":{"start":{"line":4,"column":12},"end":{"line":4,"column":22}},"3":{"start":{"line":5,"column":13},"end":{"line":5,"column":null}}},"fnMap":{},"branchMap":{},"s":{"0":1,"1":1,"2":1,"3":1},"f":{},"b":{}}
,"/home/yisroel/packages/magicalstrings/src/exports/Regex/regExReplacedCodeSection.ts": {"path":"/home/yisroel/packages/magicalstrings/src/exports/Regex/regExReplacedCodeSection.ts","statementMap":{"0":{"start":{"line":2,"column":0},"end":{"line":2,"column":null}},"1":{"start":{"line":7,"column":0},"end":{"line":7,"column":39}},"2":{"start":{"line":14,"column":37},"end":{"line":15,"column":70}},"3":{"start":{"line":15,"column":2},"end":{"line":15,"column":70}},"4":{"start":{"line":16,"column":38},"end":{"line":17,"column":68}},"5":{"start":{"line":17,"column":2},"end":{"line":17,"column":68}},"6":{"start":{"line":19,"column":33},"end":{"line":20,"column":96}},"7":{"start":{"line":20,"column":2},"end":{"line":20,"column":96}},"8":{"start":{"line":19,"column":13},"end":{"line":19,"column":33}},"9":{"start":{"line":23,"column":40},"end":{"line":24,"column":48}},"10":{"start":{"line":24,"column":2},"end":{"line":24,"column":48}},"11":{"start":{"line":23,"column":13},"end":{"line":23,"column":40}},"12":{"start":{"line":28,"column":35},"end":{"line":29,"column":66}},"13":{"start":{"line":29,"column":2},"end":{"line":29,"column":66}},"14":{"start":{"line":30,"column":49},"end":{"line":31,"column":57}},"15":{"start":{"line":31,"column":2},"end":{"line":31,"column":57}},"16":{"start":{"line":30,"column":13},"end":{"line":30,"column":49}},"17":{"start":{"line":33,"column":19},"end":{"line":34,"column":70}},"18":{"start":{"line":34,"column":2},"end":{"line":34,"column":70}},"19":{"start":{"line":35,"column":21},"end":{"line":36,"column":64}},"20":{"start":{"line":36,"column":2},"end":{"line":36,"column":64}},"21":{"start":{"line":37,"column":32},"end":{"line":38,"column":60}},"22":{"start":{"line":38,"column":2},"end":{"line":38,"column":60}},"23":{"start":{"line":40,"column":46},"end":{"line":41,"column":54}},"24":{"start":{"line":41,"column":2},"end":{"line":41,"column":54}},"25":{"start":{"line":40,"column":13},"end":{"line":40,"column":46}}},"fnMap":{"0":{"name":"(anonymous_0)","decl":{"start":{"line":14,"column":37},"end":{"line":14,"column":38}},"loc":{"start":{"line":15,"column":2},"end":{"line":15,"column":70}}},"1":{"name":"(anonymous_1)","decl":{"start":{"line":16,"column":38},"end":{"line":16,"column":39}},"loc":{"start":{"line":17,"column":2},"end":{"line":17,"column":68}}},"2":{"name":"(anonymous_2)","decl":{"start":{"line":19,"column":33},"end":{"line":19,"column":34}},"loc":{"start":{"line":20,"column":2},"end":{"line":20,"column":96}}},"3":{"name":"(anonymous_3)","decl":{"start":{"line":23,"column":40},"end":{"line":23,"column":41}},"loc":{"start":{"line":24,"column":2},"end":{"line":24,"column":48}}},"4":{"name":"(anonymous_4)","decl":{"start":{"line":28,"column":35},"end":{"line":28,"column":36}},"loc":{"start":{"line":29,"column":2},"end":{"line":29,"column":66}}},"5":{"name":"(anonymous_5)","decl":{"start":{"line":30,"column":49},"end":{"line":30,"column":50}},"loc":{"start":{"line":31,"column":2},"end":{"line":31,"column":57}}},"6":{"name":"(anonymous_6)","decl":{"start":{"line":33,"column":19},"end":{"line":33,"column":20}},"loc":{"start":{"line":34,"column":2},"end":{"line":34,"column":70}}},"7":{"name":"(anonymous_7)","decl":{"start":{"line":35,"column":21},"end":{"line":35,"column":22}},"loc":{"start":{"line":36,"column":2},"end":{"line":36,"column":64}}},"8":{"name":"(anonymous_8)","decl":{"start":{"line":37,"column":32},"end":{"line":37,"column":33}},"loc":{"start":{"line":38,"column":2},"end":{"line":38,"column":60}}},"9":{"name":"(anonymous_9)","decl":{"start":{"line":40,"column":46},"end":{"line":40,"column":47}},"loc":{"start":{"line":41,"column":2},"end":{"line":41,"column":54}}}},"branchMap":{},"s":{"0":1,"1":1,"2":1,"3":0,"4":1,"5":0,"6":1,"7":0,"8":1,"9":1,"10":0,"11":1,"12":1,"13":0,"14":1,"15":0,"16":1,"17":1,"18":0,"19":1,"20":0,"21":1,"22":0,"23":1,"24":0,"25":1},"f":{"0":0,"1":0,"2":0,"3":0,"4":0,"5":0,"6":0,"7":0,"8":0,"9":0},"b":{}}
,"/home/yisroel/packages/magicalstrings/src/exports/Regex/regExShared.ts": {"path":"/home/yisroel/packages/magicalstrings/src/exports/Regex/regExShared.ts","statementMap":{"0":{"start":{"line":3,"column":13},"end":{"line":3,"column":null}},"1":{"start":{"line":4,"column":13},"end":{"line":4,"column":null}},"2":{"start":{"line":5,"column":13},"end":{"line":5,"column":null}},"3":{"start":{"line":7,"column":13},"end":{"line":7,"column":null}},"4":{"start":{"line":8,"column":13},"end":{"line":8,"column":null}},"5":{"start":{"line":12,"column":2},"end":{"line":12,"column":52}},"6":{"start":{"line":16,"column":2},"end":{"line":16,"column":null}},"7":{"start":{"line":15,"column":0},"end":{"line":15,"column":16}},"8":{"start":{"line":20,"column":36},"end":{"line":21,"column":65}},"9":{"start":{"line":21,"column":2},"end":{"line":21,"column":65}},"10":{"start":{"line":20,"column":13},"end":{"line":20,"column":36}},"11":{"start":{"line":22,"column":36},"end":{"line":23,"column":66}},"12":{"start":{"line":23,"column":2},"end":{"line":23,"column":66}},"13":{"start":{"line":22,"column":13},"end":{"line":22,"column":36}},"14":{"start":{"line":25,"column":13},"end":{"line":25,"column":null}},"15":{"start":{"line":29,"column":42},"end":{"line":30,"column":88}},"16":{"start":{"line":30,"column":2},"end":{"line":30,"column":88}},"17":{"start":{"line":29,"column":13},"end":{"line":29,"column":42}},"18":{"start":{"line":31,"column":42},"end":{"line":32,"column":91}},"19":{"start":{"line":32,"column":2},"end":{"line":32,"column":91}},"20":{"start":{"line":31,"column":13},"end":{"line":31,"column":42}},"21":{"start":{"line":35,"column":13},"end":{"line":35,"column":null}},"22":{"start":{"line":36,"column":13},"end":{"line":36,"column":null}}},"fnMap":{"0":{"name":"escapeRegExp","decl":{"start":{"line":11,"column":9},"end":{"line":11,"column":21}},"loc":{"start":{"line":11,"column":31},"end":{"line":13,"column":1}}},"1":{"name":"convertDelimitersForRegEx","decl":{"start":{"line":15,"column":16},"end":{"line":15,"column":41}},"loc":{"start":{"line":15,"column":66},"end":{"line":18,"column":1}}},"2":{"name":"(anonymous_2)","decl":{"start":{"line":20,"column":36},"end":{"line":20,"column":37}},"loc":{"start":{"line":21,"column":2},"end":{"line":21,"column":65}}},"3":{"name":"(anonymous_3)","decl":{"start":{"line":22,"column":36},"end":{"line":22,"column":37}},"loc":{"start":{"line":23,"column":2},"end":{"line":23,"column":66}}},"4":{"name":"(anonymous_4)","decl":{"start":{"line":29,"column":42},"end":{"line":29,"column":43}},"loc":{"start":{"line":30,"column":2},"end":{"line":30,"column":88}}},"5":{"name":"(anonymous_5)","decl":{"start":{"line":31,"column":42},"end":{"line":31,"column":43}},"loc":{"start":{"line":32,"column":2},"end":{"line":32,"column":91}}}},"branchMap":{},"s":{"0":1,"1":1,"2":1,"3":1,"4":1,"5":0,"6":0,"7":1,"8":1,"9":0,"10":1,"11":1,"12":0,"13":1,"14":1,"15":1,"16":0,"17":1,"18":1,"19":0,"20":1,"21":1,"22":1},"f":{"0":0,"1":0,"2":0,"3":0,"4":0,"5":0},"b":{}}
,"/home/yisroel/packages/magicalstrings/src/exports/Regex/regExTemplateAbbreviation.ts": {"path":"/home/yisroel/packages/magicalstrings/src/exports/Regex/regExTemplateAbbreviation.ts","statementMap":{"0":{"start":{"line":1,"column":25},"end":{"line":1,"column":98}},"1":{"start":{"line":2,"column":13},"end":{"line":2,"column":null}}},"fnMap":{},"branchMap":{},"s":{"0":1,"1":1},"f":{},"b":{}}
,"/home/yisroel/packages/magicalstrings/src/exports/configs/getConfig.ts": {"path":"/home/yisroel/packages/magicalstrings/src/exports/configs/getConfig.ts","statementMap":{"0":{"start":{"line":3,"column":11},"end":{"line":3,"column":30}},"1":{"start":{"line":4,"column":13},"end":{"line":4,"column":31}},"2":{"start":{"line":8,"column":21},"end":{"line":8,"column":48}},"3":{"start":{"line":9,"column":2},"end":{"line":17,"column":null}},"4":{"start":{"line":10,"column":23},"end":{"line":10,"column":58}},"5":{"start":{"line":11,"column":4},"end":{"line":11,"column":null}},"6":{"start":{"line":13,"column":4},"end":{"line":16,"column":null}},"7":{"start":{"line":18,"column":2},"end":{"line":18,"column":null}},"8":{"start":{"line":6,"column":0},"end":{"line":6,"column":7}}},"fnMap":{"0":{"name":"getConfig","decl":{"start":{"line":6,"column":22},"end":{"line":6,"column":31}},"loc":{"start":{"line":6,"column":51},"end":{"line":19,"column":1}}}},"branchMap":{},"s":{"0":1,"1":1,"2":0,"3":0,"4":0,"5":0,"6":0,"7":0,"8":1},"f":{"0":0},"b":{}}
,"/home/yisroel/packages/magicalstrings/src/exports/configs/getIgnoredList.ts": {"path":"/home/yisroel/packages/magicalstrings/src/exports/configs/getIgnoredList.ts","statementMap":{"0":{"start":{"line":2,"column":0},"end":{"line":2,"column":44}},"1":{"start":{"line":5,"column":19},"end":{"line":5,"column":39}},"2":{"start":{"line":6,"column":2},"end":{"line":7,"column":null}},"3":{"start":{"line":7,"column":4},"end":{"line":7,"column":null}},"4":{"start":{"line":8,"column":2},"end":{"line":8,"column":null}},"5":{"start":{"line":9,"column":2},"end":{"line":9,"column":null}},"6":{"start":{"line":4,"column":0},"end":{"line":4,"column":16}}},"fnMap":{"0":{"name":"getIgnoredList","decl":{"start":{"line":4,"column":16},"end":{"line":4,"column":30}},"loc":{"start":{"line":4,"column":52},"end":{"line":10,"column":1}}}},"branchMap":{"0":{"loc":{"start":{"line":6,"column":2},"end":{"line":7,"column":null}},"type":"if","locations":[{"start":{"line":6,"column":2},"end":{"line":7,"column":null}},{"start":{"line":6,"column":2},"end":{"line":7,"column":null}}]}},"s":{"0":1,"1":0,"2":0,"3":0,"4":0,"5":0,"6":1},"f":{"0":0},"b":{"0":[0,0]}}
,"/home/yisroel/packages/magicalstrings/src/exports/configs/setConfig.ts": {"path":"/home/yisroel/packages/magicalstrings/src/exports/configs/setConfig.ts","statementMap":{"0":{"start":{"line":2,"column":0},"end":{"line":2,"column":38}},"1":{"start":{"line":4,"column":11},"end":{"line":4,"column":30}},"2":{"start":{"line":5,"column":13},"end":{"line":5,"column":31}},"3":{"start":{"line":8,"column":21},"end":{"line":8,"column":62}},"4":{"start":{"line":9,"column":2},"end":{"line":16,"column":null}},"5":{"start":{"line":10,"column":4},"end":{"line":10,"column":null}},"6":{"start":{"line":10,"column":16},"end":{"line":10,"column":null}},"7":{"start":{"line":12,"column":4},"end":{"line":15,"column":null}},"8":{"start":{"line":7,"column":0},"end":{"line":7,"column":7}}},"fnMap":{"0":{"name":"setConfig","decl":{"start":{"line":7,"column":22},"end":{"line":7,"column":31}},"loc":{"start":{"line":7,"column":74},"end":{"line":17,"column":1}}}},"branchMap":{"0":{"loc":{"start":{"line":10,"column":4},"end":{"line":10,"column":null}},"type":"if","locations":[{"start":{"line":10,"column":4},"end":{"line":10,"column":null}},{"start":{"line":10,"column":4},"end":{"line":10,"column":null}}]}},"s":{"0":1,"1":1,"2":1,"3":0,"4":0,"5":0,"6":0,"7":0,"8":1},"f":{"0":0},"b":{"0":[0,0]}}
,"/home/yisroel/packages/magicalstrings/src/exports/constants/chalkColors.ts": {"path":"/home/yisroel/packages/magicalstrings/src/exports/constants/chalkColors.ts","statementMap":{"0":{"start":{"line":1,"column":0},"end":{"line":1,"column":30}},"1":{"start":{"line":4,"column":25},"end":{"line":4,"column":64}},"2":{"start":{"line":4,"column":43},"end":{"line":4,"column":64}},"3":{"start":{"line":4,"column":13},"end":{"line":4,"column":25}},"4":{"start":{"line":5,"column":29},"end":{"line":5,"column":69}},"5":{"start":{"line":5,"column":47},"end":{"line":5,"column":69}},"6":{"start":{"line":5,"column":13},"end":{"line":5,"column":29}},"7":{"start":{"line":6,"column":26},"end":{"line":6,"column":68}},"8":{"start":{"line":6,"column":44},"end":{"line":6,"column":68}},"9":{"start":{"line":6,"column":13},"end":{"line":6,"column":26}},"10":{"start":{"line":7,"column":24},"end":{"line":7,"column":65}},"11":{"start":{"line":7,"column":42},"end":{"line":7,"column":65}},"12":{"start":{"line":7,"column":13},"end":{"line":7,"column":24}},"13":{"start":{"line":10,"column":28},"end":{"line":10,"column":64}},"14":{"start":{"line":10,"column":46},"end":{"line":10,"column":64}},"15":{"start":{"line":10,"column":13},"end":{"line":10,"column":28}},"16":{"start":{"line":13,"column":27},"end":{"line":13,"column":63}},"17":{"start":{"line":13,"column":45},"end":{"line":13,"column":63}},"18":{"start":{"line":13,"column":13},"end":{"line":13,"column":27}},"19":{"start":{"line":14,"column":25},"end":{"line":14,"column":60}},"20":{"start":{"line":14,"column":43},"end":{"line":14,"column":60}},"21":{"start":{"line":14,"column":13},"end":{"line":14,"column":25}}},"fnMap":{"0":{"name":"(anonymous_0)","decl":{"start":{"line":4,"column":25},"end":{"line":4,"column":26}},"loc":{"start":{"line":4,"column":43},"end":{"line":4,"column":64}}},"1":{"name":"(anonymous_1)","decl":{"start":{"line":5,"column":29},"end":{"line":5,"column":30}},"loc":{"start":{"line":5,"column":47},"end":{"line":5,"column":69}}},"2":{"name":"(anonymous_2)","decl":{"start":{"line":6,"column":26},"end":{"line":6,"column":27}},"loc":{"start":{"line":6,"column":44},"end":{"line":6,"column":68}}},"3":{"name":"(anonymous_3)","decl":{"start":{"line":7,"column":24},"end":{"line":7,"column":25}},"loc":{"start":{"line":7,"column":42},"end":{"line":7,"column":65}}},"4":{"name":"(anonymous_4)","decl":{"start":{"line":10,"column":28},"end":{"line":10,"column":29}},"loc":{"start":{"line":10,"column":46},"end":{"line":10,"column":64}}},"5":{"name":"(anonymous_5)","decl":{"start":{"line":13,"column":27},"end":{"line":13,"column":28}},"loc":{"start":{"line":13,"column":45},"end":{"line":13,"column":63}}},"6":{"name":"(anonymous_6)","decl":{"start":{"line":14,"column":25},"end":{"line":14,"column":26}},"loc":{"start":{"line":14,"column":43},"end":{"line":14,"column":60}}}},"branchMap":{},"s":{"0":1,"1":1,"2":0,"3":1,"4":1,"5":0,"6":1,"7":1,"8":0,"9":1,"10":1,"11":0,"12":1,"13":1,"14":0,"15":1,"16":1,"17":0,"18":1,"19":1,"20":0,"21":1},"f":{"0":0,"1":0,"2":0,"3":0,"4":0,"5":0,"6":0},"b":{}}
,"/home/yisroel/packages/magicalstrings/src/exports/constants/fileOptions.ts": {"path":"/home/yisroel/packages/magicalstrings/src/exports/constants/fileOptions.ts","statementMap":{"0":{"start":{"line":1,"column":13},"end":{"line":3,"column":null}}},"fnMap":{},"branchMap":{},"s":{"0":1},"f":{},"b":{}}
,"/home/yisroel/packages/magicalstrings/src/exports/constants/index.ts": {"path":"/home/yisroel/packages/magicalstrings/src/exports/constants/index.ts","statementMap":{"0":{"start":{"line":1,"column":13},"end":{"line":6,"column":null}},"1":{"start":{"line":8,"column":13},"end":{"line":13,"column":null}},"2":{"start":{"line":15,"column":13},"end":{"line":20,"column":null}},"3":{"start":{"line":29,"column":13},"end":{"line":32,"column":null}},"4":{"start":{"line":34,"column":13},"end":{"line":34,"column":null}},"5":{"start":{"line":36,"column":13},"end":{"line":41,"column":null}},"6":{"start":{"line":43,"column":13},"end":{"line":46,"column":null}},"7":{"start":{"line":48,"column":13},"end":{"line":50,"column":null}},"8":{"start":{"line":52,"column":16},"end":{"line":54,"column":null}},"9":{"start":{"line":56,"column":13},"end":{"line":61,"column":null}},"10":{"start":{"line":62,"column":13},"end":{"line":68,"column":null}},"11":{"start":{"line":70,"column":13},"end":{"line":73,"column":null}},"12":{"start":{"line":75,"column":13},"end":{"line":79,"column":null}},"13":{"start":{"line":81,"column":13},"end":{"line":91,"column":null}},"14":{"start":{"line":93,"column":13},"end":{"line":104,"column":null}},"15":{"start":{"line":106,"column":13},"end":{"line":106,"column":null}},"16":{"start":{"line":108,"column":13},"end":{"line":108,"column":null}},"17":{"start":{"line":110,"column":13},"end":{"line":114,"column":null}},"18":{"start":{"line":116,"column":13},"end":{"line":118,"column":null}},"19":{"start":{"line":120,"column":13},"end":{"line":128,"column":null}},"20":{"start":{"line":130,"column":13},"end":{"line":136,"column":null}},"21":{"start":{"line":138,"column":13},"end":{"line":141,"column":null}},"22":{"start":{"line":143,"column":13},"end":{"line":151,"column":null}},"23":{"start":{"line":153,"column":13},"end":{"line":159,"column":null}},"24":{"start":{"line":161,"column":13},"end":{"line":163,"column":null}},"25":{"start":{"line":165,"column":13},"end":{"line":173,"column":null}}},"fnMap":{},"branchMap":{},"s":{"0":1,"1":1,"2":1,"3":1,"4":1,"5":1,"6":1,"7":1,"8":1,"9":1,"10":1,"11":1,"12":1,"13":1,"14":1,"15":1,"16":1,"17":1,"18":1,"19":1,"20":1,"21":1,"22":1,"23":1,"24":1,"25":1},"f":{},"b":{}}
,"/home/yisroel/packages/magicalstrings/src/exports/constants/parseSpecName.ts": {"path":"/home/yisroel/packages/magicalstrings/src/exports/constants/parseSpecName.ts","statementMap":{"0":{"start":{"line":3,"column":29},"end":{"line":27,"column":1}},"1":{"start":{"line":4,"column":21},"end":{"line":4,"column":36}},"2":{"start":{"line":5,"column":2},"end":{"line":7,"column":null}},"3":{"start":{"line":6,"column":4},"end":{"line":6,"column":null}},"4":{"start":{"line":9,"column":17},"end":{"line":9,"column":42}},"5":{"start":{"line":10,"column":15},"end":{"line":10,"column":17}},"6":{"start":{"line":12,"column":2},"end":{"line":15,"column":null}},"7":{"start":{"line":13,"column":4},"end":{"line":13,"column":null}},"8":{"start":{"line":14,"column":4},"end":{"line":14,"column":null}},"9":{"start":{"line":17,"column":29},"end":{"line":21,"column":null}},"10":{"start":{"line":23,"column":2},"end":{"line":23,"column":null}},"11":{"start":{"line":23,"column":14},"end":{"line":23,"column":null}},"12":{"start":{"line":25,"column":2},"end":{"line":25,"column":null}},"13":{"start":{"line":25,"column":27},"end":{"line":25,"column":null}},"14":{"start":{"line":26,"column":2},"end":{"line":26,"column":null}},"15":{"start":{"line":3,"column":13},"end":{"line":3,"column":29}}},"fnMap":{"0":{"name":"(anonymous_0)","decl":{"start":{"line":3,"column":29},"end":{"line":3,"column":30}},"loc":{"start":{"line":3,"column":46},"end":{"line":27,"column":1}}}},"branchMap":{"0":{"loc":{"start":{"line":5,"column":2},"end":{"line":7,"column":null}},"type":"if","locations":[{"start":{"line":5,"column":2},"end":{"line":7,"column":null}},{"start":{"line":5,"column":2},"end":{"line":7,"column":null}}]},"1":{"loc":{"start":{"line":12,"column":2},"end":{"line":15,"column":null}},"type":"if","locations":[{"start":{"line":12,"column":2},"end":{"line":15,"column":null}},{"start":{"line":12,"column":2},"end":{"line":15,"column":null}}]},"2":{"loc":{"start":{"line":23,"column":2},"end":{"line":23,"column":null}},"type":"if","locations":[{"start":{"line":23,"column":2},"end":{"line":23,"column":null}},{"start":{"line":23,"column":2},"end":{"line":23,"column":null}}]},"3":{"loc":{"start":{"line":25,"column":2},"end":{"line":25,"column":null}},"type":"if","locations":[{"start":{"line":25,"column":2},"end":{"line":25,"column":null}},{"start":{"line":25,"column":2},"end":{"line":25,"column":null}}]}},"s":{"0":1,"1":0,"2":0,"3":0,"4":0,"5":0,"6":0,"7":0,"8":0,"9":0,"10":0,"11":0,"12":0,"13":0,"14":0,"15":1},"f":{"0":0},"b":{"0":[0,0],"1":[0,0],"2":[0,0],"3":[0,0]}}
,"/home/yisroel/packages/magicalstrings/src/exports/constants/types/dingKats.ts": {"path":"/home/yisroel/packages/magicalstrings/src/exports/constants/types/dingKats.ts","statementMap":{"0":{"start":{"line":1,"column":14},"end":{"line":1,"column":35}},"1":{"start":{"line":3,"column":13},"end":{"line":11,"column":null}}},"fnMap":{},"branchMap":{},"s":{"0":1,"1":1},"f":{},"b":{}}
,"/home/yisroel/packages/magicalstrings/src/exports/nsFiles/getNsInfo.ts": {"path":"/home/yisroel/packages/magicalstrings/src/exports/nsFiles/getNsInfo.ts","statementMap":{"0":{"start":{"line":2,"column":0},"end":{"line":2,"column":48}},"1":{"start":{"line":4,"column":11},"end":{"line":4,"column":30}},"2":{"start":{"line":5,"column":13},"end":{"line":5,"column":31}},"3":{"start":{"line":9,"column":17},"end":{"line":9,"column":67}},"4":{"start":{"line":10,"column":2},"end":{"line":17,"column":null}},"5":{"start":{"line":11,"column":18},"end":{"line":11,"column":49}},"6":{"start":{"line":12,"column":4},"end":{"line":12,"column":null}},"7":{"start":{"line":15,"column":4},"end":{"line":15,"column":null}},"8":{"start":{"line":16,"column":4},"end":{"line":16,"column":null}},"9":{"start":{"line":18,"column":2},"end":{"line":18,"column":null}},"10":{"start":{"line":7,"column":0},"end":{"line":7,"column":7}}},"fnMap":{"0":{"name":"getNsInfo","decl":{"start":{"line":7,"column":22},"end":{"line":7,"column":31}},"loc":{"start":{"line":7,"column":47},"end":{"line":19,"column":1}}}},"branchMap":{},"s":{"0":1,"1":1,"2":1,"3":0,"4":0,"5":0,"6":0,"7":0,"8":0,"9":0,"10":1},"f":{"0":0},"b":{}}
,"/home/yisroel/packages/magicalstrings/src/exports/nsFiles/setNsInfo.ts": {"path":"/home/yisroel/packages/magicalstrings/src/exports/nsFiles/setNsInfo.ts","statementMap":{"0":{"start":{"line":1,"column":0},"end":{"line":1,"column":48}},"1":{"start":{"line":4,"column":11},"end":{"line":4,"column":30}},"2":{"start":{"line":5,"column":13},"end":{"line":5,"column":31}},"3":{"start":{"line":8,"column":17},"end":{"line":8,"column":67}},"4":{"start":{"line":10,"column":2},"end":{"line":21,"column":null}},"5":{"start":{"line":11,"column":4},"end":{"line":14,"column":null}},"6":{"start":{"line":12,"column":6},"end":{"line":12,"column":null}},"7":{"start":{"line":13,"column":6},"end":{"line":13,"column":null}},"8":{"start":{"line":16,"column":4},"end":{"line":20,"column":null}},"9":{"start":{"line":7,"column":0},"end":{"line":7,"column":7}}},"fnMap":{"0":{"name":"setNsInfo","decl":{"start":{"line":7,"column":22},"end":{"line":7,"column":31}},"loc":{"start":{"line":7,"column":63},"end":{"line":22,"column":1}}}},"branchMap":{"0":{"loc":{"start":{"line":11,"column":4},"end":{"line":14,"column":null}},"type":"if","locations":[{"start":{"line":11,"column":4},"end":{"line":14,"column":null}},{"start":{"line":11,"column":4},"end":{"line":14,"column":null}}]}},"s":{"0":1,"1":1,"2":1,"3":0,"4":0,"5":0,"6":0,"7":0,"8":0,"9":1},"f":{"0":0},"b":{"0":[0,0]}}
}
